<?xml version="1.0" encoding="UTF-8"?>
<testng-results ignored="0" total="2" passed="2" failed="0" skipped="0">
  <reporter-output>
  </reporter-output>
  <suite started-at="2022-04-29T12:05:46 IST" name="Suite" finished-at="2022-04-29T12:06:35 IST" duration-ms="49548">
    <groups>
    </groups>
    <test started-at="2022-04-29T12:05:46 IST" name="Test" finished-at="2022-04-29T12:06:35 IST" duration-ms="49548">
      <class name="TestngSuite.testng1">
        <test-method is-config="true" signature="one()[pri:0, instance:TestngSuite.testng1@7c729a55]" started-at="2022-04-29T12:05:46 IST" name="one" finished-at="2022-04-29T12:05:46 IST" duration-ms="41" status="PASS">
          <reporter-output>
          </reporter-output>
        </test-method> <!-- one -->
        <test-method is-config="true" signature="setupExtent()[pri:0, instance:TestngSuite.testng1@7c729a55]" started-at="2022-04-29T12:05:46 IST" name="setupExtent" finished-at="2022-04-29T12:06:19 IST" duration-ms="33420" status="PASS">
          <reporter-output>
          </reporter-output>
        </test-method> <!-- setupExtent -->
        <test-method is-config="true" signature="five()[pri:0, instance:TestngSuite.testng1@7c729a55]" started-at="2022-04-29T12:06:19 IST" name="five" finished-at="2022-04-29T12:06:19 IST" duration-ms="29" status="PASS">
          <reporter-output>
          </reporter-output>
        </test-method> <!-- five -->
        <test-method signature="firsttest()[pri:0, instance:TestngSuite.testng1@7c729a55]" started-at="2022-04-29T12:06:19 IST" name="firsttest" finished-at="2022-04-29T12:06:26 IST" duration-ms="6367" status="PASS">
          <reporter-output>
          </reporter-output>
        </test-method> <!-- firsttest -->
        <test-method is-config="true" signature="teardown(org.testng.ITestResult)[pri:0, instance:TestngSuite.testng1@7c729a55]" started-at="2022-04-29T12:06:26 IST" name="teardown" finished-at="2022-04-29T12:06:26 IST" duration-ms="734" status="PASS">
          <params>
            <param index="0">
              <value>
                <![CDATA[[TestResult name=firsttest status=SUCCESS method=testng1.firsttest()[pri:0, instance:TestngSuite.testng1@7c729a55] output={null}]]]>
              </value>
            </param>
          </params>
          <reporter-output>
          </reporter-output>
        </test-method> <!-- teardown -->
        <test-method is-config="true" signature="five()[pri:0, instance:TestngSuite.testng1@7c729a55]" started-at="2022-04-29T12:06:26 IST" name="five" finished-at="2022-04-29T12:06:26 IST" duration-ms="0" status="PASS">
          <reporter-output>
          </reporter-output>
        </test-method> <!-- five -->
        <test-method signature="secondtest()[pri:0, instance:TestngSuite.testng1@7c729a55]" started-at="2022-04-29T12:06:26 IST" name="secondtest" finished-at="2022-04-29T12:06:35 IST" duration-ms="8497" status="PASS">
          <reporter-output>
          </reporter-output>
        </test-method> <!-- secondtest -->
        <test-method is-config="true" signature="teardown(org.testng.ITestResult)[pri:0, instance:TestngSuite.testng1@7c729a55]" started-at="2022-04-29T12:06:35 IST" name="teardown" finished-at="2022-04-29T12:06:35 IST" duration-ms="423" status="PASS">
          <params>
            <param index="0">
              <value>
                <![CDATA[[TestResult name=secondtest status=SUCCESS method=testng1.secondtest()[pri:0, instance:TestngSuite.testng1@7c729a55] output={null}]]]>
              </value>
            </param>
          </params>
          <reporter-output>
          </reporter-output>
        </test-method> <!-- teardown -->
        <test-method is-config="true" signature="four()[pri:0, instance:TestngSuite.testng1@7c729a55]" started-at="2022-04-29T12:06:35 IST" name="four" finished-at="2022-04-29T12:06:35 IST" duration-ms="0" status="PASS">
          <reporter-output>
          </reporter-output>
        </test-method> <!-- four -->
        <test-method is-config="true" signature="endExtent()[pri:0, instance:TestngSuite.testng1@7c729a55]" started-at="2022-04-29T12:06:35 IST" name="endExtent" finished-at="2022-04-29T12:06:35 IST" duration-ms="1" status="PASS">
          <reporter-output>
          </reporter-output>
        </test-method> <!-- endExtent -->
        <test-method is-config="true" signature="two()[pri:0, instance:TestngSuite.testng1@7c729a55]" started-at="2022-04-29T12:06:36 IST" name="two" finished-at="2022-04-29T12:06:40 IST" duration-ms="3873" status="PASS">
          <reporter-output>
          </reporter-output>
        </test-method> <!-- two -->
      </class> <!-- TestngSuite.testng1 -->
    </test> <!-- Test -->
  </suite> <!-- Suite -->
</testng-results>
