<?xml version="1.0" encoding="UTF-8"?>
<testng-results ignored="0" total="2" passed="2" failed="0" skipped="0">
  <reporter-output>
  </reporter-output>
  <suite started-at="2022-04-22T12:24:14 IST" name="Suite" finished-at="2022-04-22T12:24:39 IST" duration-ms="24277">
    <groups>
    </groups>
    <test started-at="2022-04-22T12:24:14 IST" name="Test" finished-at="2022-04-22T12:24:39 IST" duration-ms="24277">
      <class name="TestngSuite.testng1">
        <test-method is-config="true" signature="one()[pri:0, instance:TestngSuite.testng1@2a4fb17b]" started-at="2022-04-22T12:24:14 IST" name="one" finished-at="2022-04-22T12:24:14 IST" duration-ms="31" status="PASS">
          <reporter-output>
          </reporter-output>
        </test-method> <!-- one -->
        <test-method is-config="true" signature="setupExtent()[pri:0, instance:TestngSuite.testng1@2a4fb17b]" started-at="2022-04-22T12:24:14 IST" name="setupExtent" finished-at="2022-04-22T12:24:25 IST" duration-ms="10395" status="PASS">
          <reporter-output>
          </reporter-output>
        </test-method> <!-- setupExtent -->
        <test-method is-config="true" signature="five()[pri:0, instance:TestngSuite.testng1@2a4fb17b]" started-at="2022-04-22T12:24:25 IST" name="five" finished-at="2022-04-22T12:24:25 IST" duration-ms="11" status="PASS">
          <reporter-output>
          </reporter-output>
        </test-method> <!-- five -->
        <test-method signature="firsttest()[pri:0, instance:TestngSuite.testng1@2a4fb17b]" started-at="2022-04-22T12:24:25 IST" name="firsttest" finished-at="2022-04-22T12:24:29 IST" duration-ms="4607" status="PASS">
          <reporter-output>
          </reporter-output>
        </test-method> <!-- firsttest -->
        <test-method is-config="true" signature="teardown(org.testng.ITestResult)[pri:0, instance:TestngSuite.testng1@2a4fb17b]" started-at="2022-04-22T12:24:29 IST" name="teardown" finished-at="2022-04-22T12:24:32 IST" duration-ms="2660" status="PASS">
          <params>
            <param index="0">
              <value>
                <![CDATA[[TestResult name=firsttest status=SUCCESS method=testng1.firsttest()[pri:0, instance:TestngSuite.testng1@2a4fb17b] output={null}]]]>
              </value>
            </param>
          </params>
          <reporter-output>
          </reporter-output>
        </test-method> <!-- teardown -->
        <test-method is-config="true" signature="five()[pri:0, instance:TestngSuite.testng1@2a4fb17b]" started-at="2022-04-22T12:24:32 IST" name="five" finished-at="2022-04-22T12:24:32 IST" duration-ms="1" status="PASS">
          <reporter-output>
          </reporter-output>
        </test-method> <!-- five -->
        <test-method signature="secondtest()[pri:0, instance:TestngSuite.testng1@2a4fb17b]" started-at="2022-04-22T12:24:32 IST" name="secondtest" finished-at="2022-04-22T12:24:38 IST" duration-ms="6120" status="PASS">
          <reporter-output>
          </reporter-output>
        </test-method> <!-- secondtest -->
        <test-method is-config="true" signature="teardown(org.testng.ITestResult)[pri:0, instance:TestngSuite.testng1@2a4fb17b]" started-at="2022-04-22T12:24:38 IST" name="teardown" finished-at="2022-04-22T12:24:39 IST" duration-ms="212" status="PASS">
          <params>
            <param index="0">
              <value>
                <![CDATA[[TestResult name=secondtest status=SUCCESS method=testng1.secondtest()[pri:0, instance:TestngSuite.testng1@2a4fb17b] output={null}]]]>
              </value>
            </param>
          </params>
          <reporter-output>
          </reporter-output>
        </test-method> <!-- teardown -->
        <test-method is-config="true" signature="four()[pri:0, instance:TestngSuite.testng1@2a4fb17b]" started-at="2022-04-22T12:24:39 IST" name="four" finished-at="2022-04-22T12:24:39 IST" duration-ms="1" status="PASS">
          <reporter-output>
          </reporter-output>
        </test-method> <!-- four -->
        <test-method is-config="true" signature="endExtent()[pri:0, instance:TestngSuite.testng1@2a4fb17b]" started-at="2022-04-22T12:24:39 IST" name="endExtent" finished-at="2022-04-22T12:24:39 IST" duration-ms="0" status="PASS">
          <reporter-output>
          </reporter-output>
        </test-method> <!-- endExtent -->
        <test-method is-config="true" signature="two()[pri:0, instance:TestngSuite.testng1@2a4fb17b]" started-at="2022-04-22T12:24:39 IST" name="two" finished-at="2022-04-22T12:24:41 IST" duration-ms="1813" status="PASS">
          <reporter-output>
          </reporter-output>
        </test-method> <!-- two -->
      </class> <!-- TestngSuite.testng1 -->
    </test> <!-- Test -->
  </suite> <!-- Suite -->
</testng-results>
